<?xml version="1.0" encoding="UTF-8"?>
<!-- Generated by org.testng.reporters.JUnitXMLReporter -->
<testsuite ignored="3" hostname="DESKTOP-D3TC1Q6" failures="0" tests="1" name="Default test" time="29.765" errors="0" timestamp="2025-03-21T10:42:31 IST">
  <testcase classname="testClasses.LoginPageTestClass" name="verifySuccessfulLogin" time="13.804"/>
  <testcase classname="testClasses.LoginPageTestClass" name="verifyTheExactPageIsOpenWhileHittingTheUrl" time="0.0">
    <ignored/>
  </testcase> <!-- verifyTheExactPageIsOpenWhileHittingTheUrl -->
  <testcase classname="testClasses.LoginPageTestClass" name="verifyResetPasswordPageOpensWhileClickingOnThe_ForgotYourPassword_Link" time="0.0">
    <ignored/>
  </testcase> <!-- verifyResetPasswordPageOpensWhileClickingOnThe_ForgotYourPassword_Link -->
  <testcase classname="testClasses.LoginPageTestClass" name="verifyUnsuccessfulLogin" time="0.0">
    <ignored/>
  </testcase> <!-- verifyUnsuccessfulLogin -->
</testsuite> <!-- Default test -->
