<?xml version="1.0" encoding="UTF-8"?>
<!-- Generated by org.testng.reporters.JUnitXMLReporter -->
<testsuite ignored="6" hostname="DESKTOP-D3TC1Q6" failures="0" tests="1" name="Default test" time="27.647" errors="0" timestamp="2025-03-19T23:46:59 IST">
  <testcase classname="testClasses.UsersPageTestClass" name="verifyThe_AddedUser_CanBeEdited" time="22.365"/>
  <testcase classname="testClasses.UsersPageTestClass" name="verifyAConfirmationPopUpAppearsWhileDeletingAnUser" time="0.0">
    <ignored/>
  </testcase> <!-- verifyAConfirmationPopUpAppearsWhileDeletingAnUser -->
  <testcase classname="testClasses.UsersPageTestClass" name="verifyThe_AddedUser_CanBeDeleted" time="0.0">
    <ignored/>
  </testcase> <!-- verifyThe_AddedUser_CanBeDeleted -->
  <testcase classname="testClasses.UsersPageTestClass" name="verifyEditUserpageAppearsWhileClickingOnTheEditButton" time="0.0">
    <ignored/>
  </testcase> <!-- verifyEditUserpageAppearsWhileClickingOnTheEditButton -->
  <testcase classname="testClasses.UsersPageTestClass" name="verifyUserIsAdded" time="0.0">
    <ignored/>
  </testcase> <!-- verifyUserIsAdded -->
  <testcase classname="testClasses.UsersPageTestClass" name="verifyErrorMessageAppearsifMandatoryField_firstName_IsNotProvided" time="0.0">
    <ignored/>
  </testcase> <!-- verifyErrorMessageAppearsifMandatoryField_firstName_IsNotProvided -->
  <testcase classname="testClasses.UsersPageTestClass" name="verifyThe_IsActive_checkboxIsSelectedByDefault" time="0.0">
    <ignored/>
  </testcase> <!-- verifyThe_IsActive_checkboxIsSelectedByDefault -->
</testsuite> <!-- Default test -->
