<?xml version="1.0" encoding="UTF-8"?>
<!-- Generated by org.testng.reporters.JUnitXMLReporter -->
<testsuite ignored="2" hostname="DESKTOP-D3TC1Q6" failures="0" tests="16" name="Test" time="269.389" errors="0" timestamp="2025-03-24T23:00:38 IST">
  <testcase classname="testClasses.UsersPageTestClass" name="verifyUserIsAdded" time="15.273"/>
  <testcase classname="testClasses.UsersPageTestClass" name="verifyErrorMessageAppearsifMandatoryField_firstName_IsNotProvided" time="11.799"/>
  <testcase classname="testClasses.UsersPageTestClass" name="verifyThe_IsActive_checkboxIsSelectedByDefault" time="13.564"/>
  <testcase classname="testClasses.UsersPageTestClass" name="verifyAConfirmationPopUpAppearsWhileDeletingAnUser" time="19.091"/>
  <testcase classname="testClasses.UsersPageTestClass" name="verifyThe_AddedUser_CanBeDeleted" time="23.154">
    <skipped/>
  </testcase> <!-- verifyThe_AddedUser_CanBeDeleted -->
  <testcase classname="testClasses.UsersPageTestClass" name="verifyThe_AddedUser_CanBeDeleted" time="16.299"/>
  <testcase classname="testClasses.UsersPageTestClass" name="verifyEditUserpageAppearsWhileClickingOnTheEditButton" time="18.203"/>
  <testcase classname="testClasses.UsersPageTestClass" name="verifyThe_AddedUser_CanBeEdited" time="26.533"/>
  <testcase classname="testClasses.LoginPageTestClass" name="verifyTheExactPageIsOpenWhileHittingTheUrl" time="0.066"/>
  <testcase classname="testClasses.LoginPageTestClass" name="verifySuccessfulLogin" time="12.1"/>
  <testcase classname="testClasses.LoginPageTestClass" name="verifyUnsuccessfulLogin" time="1.287"/>
  <testcase classname="testClasses.LoginPageTestClass" name="verifyUnsuccessfulLogin" time="1.24"/>
  <testcase classname="testClasses.LoginPageTestClass" name="verifyUnsuccessfulLogin" time="1.292"/>
  <testcase classname="testClasses.LoginPageTestClass" name="verifyResetPasswordPageOpensWhileClickingOnThe_ForgotYourPassword_Link" time="1.078"/>
  <testcase classname="testClasses.DashboardPageTestClass" name="verifyUsersPageOpensWhileClickingOnThe_UserManagement" time="7.689"/>
  <testcase classname="testClasses.DashboardPageTestClass" name="verifyTheToolTipInTodaysProfitIcon" time="4.59"/>
  <testcase classname="base.BaseClass" name="@BeforeSuite createReport" time="0.0">
    <ignored/>
  </testcase> <!-- @BeforeSuite createReport -->
  <testcase classname="base.BaseClass" name="@BeforeSuite createReport" time="0.0">
    <ignored/>
  </testcase> <!-- @BeforeSuite createReport -->
</testsuite> <!-- Test -->
