<?xml version="1.0" encoding="UTF-8"?>
<!-- Generated by org.testng.reporters.JUnitXMLReporter -->
<testsuite ignored="9" hostname="DESKTOP-D3TC1Q6" failures="0" tests="6" name="GroupTest" time="53.354" errors="0" timestamp="2025-03-24T22:23:21 IST">
  <testcase classname="testClasses.LoginPageTestClass" name="verifyTheExactPageIsOpenWhileHittingTheUrl" time="0.186"/>
  <testcase classname="testClasses.LoginPageTestClass" name="verifySuccessfulLogin" time="4.176"/>
  <testcase classname="testClasses.LoginPageTestClass" name="verifyUnsuccessfulLogin" time="1.465"/>
  <testcase classname="testClasses.LoginPageTestClass" name="verifyUnsuccessfulLogin" time="3.034"/>
  <testcase classname="testClasses.LoginPageTestClass" name="verifyUnsuccessfulLogin" time="1.388"/>
  <testcase classname="testClasses.LoginPageTestClass" name="verifyResetPasswordPageOpensWhileClickingOnThe_ForgotYourPassword_Link" time="3.242"/>
  <testcase classname="testClasses.UsersPageTestClass" name="verifyUserIsAdded" time="0.0">
    <ignored/>
  </testcase> <!-- verifyUserIsAdded -->
  <testcase classname="testClasses.UsersPageTestClass" name="verifyErrorMessageAppearsifMandatoryField_firstName_IsNotProvided" time="0.0">
    <ignored/>
  </testcase> <!-- verifyErrorMessageAppearsifMandatoryField_firstName_IsNotProvided -->
  <testcase classname="testClasses.DashboardPageTestClass" name="verifyTheToolTipInTodaysProfitIcon" time="0.0">
    <ignored/>
  </testcase> <!-- verifyTheToolTipInTodaysProfitIcon -->
  <testcase classname="testClasses.DashboardPageTestClass" name="verifyUsersPageOpensWhileClickingOnThe_UserManagement" time="0.0">
    <ignored/>
  </testcase> <!-- verifyUsersPageOpensWhileClickingOnThe_UserManagement -->
  <testcase classname="testClasses.UsersPageTestClass" name="verifyThe_IsActive_checkboxIsSelectedByDefault" time="0.0">
    <ignored/>
  </testcase> <!-- verifyThe_IsActive_checkboxIsSelectedByDefault -->
  <testcase classname="testClasses.UsersPageTestClass" name="verifyAConfirmationPopUpAppearsWhileDeletingAnUser" time="0.0">
    <ignored/>
  </testcase> <!-- verifyAConfirmationPopUpAppearsWhileDeletingAnUser -->
  <testcase classname="testClasses.UsersPageTestClass" name="verifyEditUserpageAppearsWhileClickingOnTheEditButton" time="0.0">
    <ignored/>
  </testcase> <!-- verifyEditUserpageAppearsWhileClickingOnTheEditButton -->
  <testcase classname="testClasses.UsersPageTestClass" name="verifyThe_AddedUser_CanBeEdited" time="0.0">
    <ignored/>
  </testcase> <!-- verifyThe_AddedUser_CanBeEdited -->
  <testcase classname="testClasses.UsersPageTestClass" name="verifyThe_AddedUser_CanBeDeleted" time="0.0">
    <ignored/>
  </testcase> <!-- verifyThe_AddedUser_CanBeDeleted -->
</testsuite> <!-- GroupTest -->
