<?xml version="1.0" encoding="UTF-8"?>
<testng-results ignored="0" total="1" passed="1" failed="0" skipped="0">
  <reporter-output>
  </reporter-output>
  <suite started-at="2025-03-19T23:46:31 IST" name="Default suite" finished-at="2025-03-19T23:46:59 IST" duration-ms="27647">
    <groups>
    </groups>
    <test started-at="2025-03-19T23:46:31 IST" name="Default test" finished-at="2025-03-19T23:46:59 IST" duration-ms="27647">
      <class name="testClasses.UsersPageTestClass">
        <test-method is-config="true" signature="beforeMethod()[pri:0, instance:testClasses.UsersPageTestClass@62379589]" started-at="2025-03-19T23:46:31 IST" name="beforeMethod" finished-at="2025-03-19T23:46:37 IST" duration-ms="5202" status="PASS">
          <reporter-output>
          </reporter-output>
        </test-method> <!-- beforeMethod -->
        <test-method signature="verifyThe_AddedUser_CanBeEdited()[pri:0, instance:testClasses.UsersPageTestClass@62379589]" started-at="2025-03-19T23:46:37 IST" name="verifyThe_AddedUser_CanBeEdited" finished-at="2025-03-19T23:46:59 IST" duration-ms="22365" status="PASS">
          <reporter-output>
          </reporter-output>
        </test-method> <!-- verifyThe_AddedUser_CanBeEdited -->
        <test-method is-config="true" signature="afterMethod()[pri:0, instance:testClasses.UsersPageTestClass@62379589]" started-at="2025-03-19T23:46:59 IST" name="afterMethod" finished-at="2025-03-19T23:46:59 IST" duration-ms="1" status="PASS">
          <reporter-output>
          </reporter-output>
        </test-method> <!-- afterMethod -->
      </class> <!-- testClasses.UsersPageTestClass -->
    </test> <!-- Default test -->
  </suite> <!-- Default suite -->
</testng-results>
