<?xml version="1.0" encoding="UTF-8"?>
<!-- Generated by org.testng.reporters.JUnitXMLReporter -->
<testsuite ignored="2" hostname="DESKTOP-D3TC1Q6" failures="0" tests="15" name="ChromeTest" time="297.637" errors="0" timestamp="2025-03-24T22:43:26 IST">
  <testcase classname="testClasses.UsersPageTestClass" name="verifyAConfirmationPopUpAppearsWhileDeletingAnUser" time="27.532"/>
  <testcase classname="testClasses.UsersPageTestClass" name="verifyEditUserpageAppearsWhileClickingOnTheEditButton" time="43.449"/>
  <testcase classname="testClasses.UsersPageTestClass" name="verifyErrorMessageAppearsifMandatoryField_firstName_IsNotProvided" time="16.796"/>
  <testcase classname="testClasses.DashboardPageTestClass" name="verifyTheToolTipInTodaysProfitIcon" time="8.312"/>
  <testcase classname="testClasses.UsersPageTestClass" name="verifyThe_AddedUser_CanBeDeleted" time="23.407"/>
  <testcase classname="testClasses.UsersPageTestClass" name="verifyThe_AddedUser_CanBeEdited" time="22.166"/>
  <testcase classname="testClasses.UsersPageTestClass" name="verifyThe_IsActive_checkboxIsSelectedByDefault" time="10.579"/>
  <testcase classname="testClasses.UsersPageTestClass" name="verifyUserIsAdded" time="15.066"/>
  <testcase classname="testClasses.DashboardPageTestClass" name="verifyUsersPageOpensWhileClickingOnThe_UserManagement" time="7.745"/>
  <testcase classname="testClasses.LoginPageTestClass" name="verifyTheExactPageIsOpenWhileHittingTheUrl" time="2.356"/>
  <testcase classname="testClasses.LoginPageTestClass" name="verifySuccessfulLogin" time="4.419"/>
  <testcase classname="testClasses.LoginPageTestClass" name="verifyUnsuccessfulLogin" time="1.412"/>
  <testcase classname="testClasses.LoginPageTestClass" name="verifyUnsuccessfulLogin" time="1.332"/>
  <testcase classname="testClasses.LoginPageTestClass" name="verifyUnsuccessfulLogin" time="1.366"/>
  <testcase classname="testClasses.LoginPageTestClass" name="verifyResetPasswordPageOpensWhileClickingOnThe_ForgotYourPassword_Link" time="0.975"/>
  <testcase classname="base.BaseClass" name="@BeforeSuite createReport" time="0.0">
    <ignored/>
  </testcase> <!-- @BeforeSuite createReport -->
  <testcase classname="base.BaseClass" name="@BeforeSuite createReport" time="0.0">
    <ignored/>
  </testcase> <!-- @BeforeSuite createReport -->
</testsuite> <!-- ChromeTest -->
