<?xml version="1.0" encoding="UTF-8"?>
<!-- Generated by org.testng.reporters.JUnitXMLReporter -->
<testsuite ignored="2" hostname="DESKTOP-D3TC1Q6" failures="0" tests="3" name="FirefoxTest" time="158.291" errors="0" timestamp="2025-03-24T22:41:08 IST">
  <testcase classname="testClasses.UsersPageTestClass" name="verifyAConfirmationPopUpAppearsWhileDeletingAnUser" time="22.137">
    <skipped/>
  </testcase> <!-- verifyAConfirmationPopUpAppearsWhileDeletingAnUser -->
  <testcase classname="testClasses.UsersPageTestClass" name="verifyAConfirmationPopUpAppearsWhileDeletingAnUser" time="19.904">
    <skipped/>
  </testcase> <!-- verifyAConfirmationPopUpAppearsWhileDeletingAnUser -->
  <testcase classname="testClasses.UsersPageTestClass" name="verifyAConfirmationPopUpAppearsWhileDeletingAnUser" time="18.736">
    <skipped/>
  </testcase> <!-- verifyAConfirmationPopUpAppearsWhileDeletingAnUser -->
  <testcase classname="base.BaseClass" name="@BeforeSuite createReport" time="0.0">
    <ignored/>
  </testcase> <!-- @BeforeSuite createReport -->
  <testcase classname="base.BaseClass" name="@BeforeSuite createReport" time="0.0">
    <ignored/>
  </testcase> <!-- @BeforeSuite createReport -->
</testsuite> <!-- FirefoxTest -->
